<?xml version="1.0" encoding="UTF-8"?>
<!-- Generated by org.testng.reporters.JUnitXMLReporter -->
<testsuite hostname="DIN51003304" ignored="0" name="Default test" tests="5" failures="0" timestamp="13 Jun 2018 05:24:10 GMT" time="0.374" errors="0">
  <testcase name="@BeforeMethod setUptestEnv" time="0.312" classname="com.cg.githublogintest.test.LoginTest">
    <failure type="java.lang.NullPointerException" message="null value in entry: desiredCapabilities=null">
      <![CDATA[java.lang.NullPointerException: null value in entry: desiredCapabilities=null
at com.google.common.collect.CollectPreconditions.checkEntryNotNull(CollectPreconditions.java:33)
at com.google.common.collect.ImmutableMapEntry.<init>(ImmutableMapEntry.java:50)
at com.google.common.collect.ImmutableMap.entryOf(ImmutableMap.java:122)
at com.google.common.collect.ImmutableMap$Builder.put(ImmutableMap.java:197)
at org.openqa.selenium.remote.RemoteWebDriver.startSession(RemoteWebDriver.java:243)
at org.openqa.selenium.remote.RemoteWebDriver.<init>(RemoteWebDriver.java:131)
at org.openqa.selenium.remote.RemoteWebDriver.<init>(RemoteWebDriver.java:158)
at com.cg.githublogintest.utility.BrowserCapabilitiesUtility.getDriver(BrowserCapabilitiesUtility.java:12)
at com.cg.githublogintest.test.LoginTest.setUptestEnv(LoginTest.java:39)
at sun.reflect.NativeMethodAccessorImpl.invoke0(Native Method)
at sun.reflect.NativeMethodAccessorImpl.invoke(NativeMethodAccessorImpl.java:62)
at sun.reflect.DelegatingMethodAccessorImpl.invoke(DelegatingMethodAccessorImpl.java:43)
at java.lang.reflect.Method.invoke(Method.java:483)
at org.testng.internal.MethodInvocationHelper.invokeMethod(MethodInvocationHelper.java:124)
at org.testng.internal.MethodInvocationHelper.invokeMethodConsideringTimeout(MethodInvocationHelper.java:59)
at org.testng.internal.Invoker.invokeConfigurationMethod(Invoker.java:455)
at org.testng.internal.Invoker.invokeConfigurations(Invoker.java:222)
at org.testng.internal.Invoker.invokeMethod(Invoker.java:520)
at org.testng.internal.Invoker.invokeTestMethod(Invoker.java:716)
at org.testng.internal.Invoker.invokeTestMethods(Invoker.java:988)
at org.testng.internal.TestMethodWorker.invokeTestMethods(TestMethodWorker.java:125)
at org.testng.internal.TestMethodWorker.run(TestMethodWorker.java:109)
at org.testng.TestRunner.privateRun(TestRunner.java:648)
at org.testng.TestRunner.run(TestRunner.java:505)
at org.testng.SuiteRunner.runTest(SuiteRunner.java:455)
at org.testng.SuiteRunner.runSequentially(SuiteRunner.java:450)
at org.testng.SuiteRunner.privateRun(SuiteRunner.java:415)
at org.testng.SuiteRunner.run(SuiteRunner.java:364)
at org.testng.SuiteRunnerWorker.runSuite(SuiteRunnerWorker.java:52)
at org.testng.SuiteRunnerWorker.run(SuiteRunnerWorker.java:84)
at org.testng.TestNG.runSuitesSequentially(TestNG.java:1208)
at org.testng.TestNG.runSuitesLocally(TestNG.java:1137)
at org.testng.TestNG.runSuites(TestNG.java:1049)
at org.testng.TestNG.run(TestNG.java:1017)
at org.testng.remote.AbstractRemoteTestNG.run(AbstractRemoteTestNG.java:114)
at org.testng.remote.RemoteTestNG.initAndRun(RemoteTestNG.java:251)
at org.testng.remote.RemoteTestNG.main(RemoteTestNG.java:77)
]]>
    </failure>
  </testcase> <!-- @BeforeMethod setUptestEnv -->
  <testcase name="@AfterMethod tearDowntestEnv" time="0.0" classname="com.cg.githublogintest.test.LoginTest">
    <skipped/>
  </testcase> <!-- @AfterMethod tearDowntestEnv -->
  <testcase name="@BeforeMethod setUptestEnv" time="0.0" classname="com.cg.githublogintest.test.LoginTest">
    <skipped/>
  </testcase> <!-- @BeforeMethod setUptestEnv -->
  <testcase name="@AfterMethod tearDowntestEnv" time="0.0" classname="com.cg.githublogintest.test.LoginTest">
    <skipped/>
  </testcase> <!-- @AfterMethod tearDowntestEnv -->
  <testcase name="@BeforeMethod setUptestEnv" time="0.0" classname="com.cg.githublogintest.test.LoginTest">
    <skipped/>
  </testcase> <!-- @BeforeMethod setUptestEnv -->
  <testcase name="@AfterMethod tearDowntestEnv" time="0.0" classname="com.cg.githublogintest.test.LoginTest">
    <skipped/>
  </testcase> <!-- @AfterMethod tearDowntestEnv -->
  <testcase name="@BeforeMethod setUptestEnv" time="0.0" classname="com.cg.githublogintest.test.LoginTest">
    <skipped/>
  </testcase> <!-- @BeforeMethod setUptestEnv -->
  <testcase name="@AfterMethod tearDowntestEnv" time="0.0" classname="com.cg.githublogintest.test.LoginTest">
    <skipped/>
  </testcase> <!-- @AfterMethod tearDowntestEnv -->
  <testcase name="@BeforeMethod setUptestEnv" time="0.0" classname="com.cg.githublogintest.test.LoginTest">
    <skipped/>
  </testcase> <!-- @BeforeMethod setUptestEnv -->
  <testcase name="@AfterMethod tearDowntestEnv" time="0.0" classname="com.cg.githublogintest.test.LoginTest">
    <skipped/>
  </testcase> <!-- @AfterMethod tearDowntestEnv -->
  <testcase name="@AfterClass tearDownDriverEnv" time="0.0" classname="com.cg.githublogintest.test.LoginTest">
    <skipped/>
  </testcase> <!-- @AfterClass tearDownDriverEnv -->
  <testcase name="testForBlankUserNameAndPassword" time="0.0" classname="com.cg.githublogintest.test.LoginTest">
    <skipped/>
  </testcase> <!-- testForBlankUserNameAndPassword -->
  <testcase name="testForInValidUserNameAndValidPassword" time="0.0" classname="com.cg.githublogintest.test.LoginTest">
    <skipped/>
  </testcase> <!-- testForInValidUserNameAndValidPassword -->
  <testcase name="testForValidUserNameAndInValidPassword" time="0.0" classname="com.cg.githublogintest.test.LoginTest">
    <skipped/>
  </testcase> <!-- testForValidUserNameAndInValidPassword -->
  <testcase name="testForInValidUserNameAndPassword" time="0.0" classname="com.cg.githublogintest.test.LoginTest">
    <skipped/>
  </testcase> <!-- testForInValidUserNameAndPassword -->
  <testcase name="testForValidUserNameAndPassword" time="0.0" classname="com.cg.githublogintest.test.LoginTest">
    <skipped/>
  </testcase> <!-- testForValidUserNameAndPassword -->
</testsuite> <!-- Default test -->
